Построение начато 01.04.2018 15:14:52.
     1>Проект "D:\My Programs\MyOpenKeys\MyOpenKeys\MyOpenKeys.vcxproj" в узле 2 (целевые объекты build).
     1>InitializeBuildStatus:
         Создание "Debug\MyOpenKeys.unsuccessfulbuild", так как было задано "AlwaysCreate".
       ClCompile:
         Для всех выходных данных обновления не требуется.
         c:\Program Files (x86)\Microsoft Visual Studio 10.0\VC\bin\CL.exe /c /ZI /nologo /W3 /WX- /Od /Oy- /D WIN32 /D _DEBUG /D _CONSOLE /D _UNICODE /D UNICODE /Gm /EHsc /RTC1 /MDd /GS /fp:precise /Zc:wchar_t /Zc:forScope /Yu"StdAfx.h" /Fp"Debug\MyOpenKeys.pch" /Fo"Debug\\" /Fd"Debug\vc100.pdb" /Gd /TP /analyze- /errorReport:prompt MyOpenKeys.cpp
         MyOpenKeys.cpp
     1>d:\my programs\myopenkeys\myopenkeys\myopenkeys.cpp(45): warning C4244: аргумент: преобразование "unsigned __int64" в "unsigned int", возможна потеря данных
     1>d:\my programs\myopenkeys\myopenkeys\myopenkeys.cpp(49): warning C4244: аргумент: преобразование "unsigned __int64" в "unsigned int", возможна потеря данных
     1>d:\my programs\myopenkeys\myopenkeys\myopenkeys.cpp(51): warning C4244: аргумент: преобразование "unsigned __int64" в "unsigned int", возможна потеря данных
     1>d:\my programs\myopenkeys\myopenkeys\myopenkeys.cpp(54): warning C4101: answer: неиспользованная локальная переменная
     1>d:\my programs\myopenkeys\myopenkeys\myopenkeys.cpp(92): warning C4244: аргумент: преобразование "unsigned __int64" в "unsigned int", возможна потеря данных
     1>d:\my programs\myopenkeys\myopenkeys\myopenkeys.cpp(99): warning C4244: аргумент: преобразование "unsigned __int64" в "unsigned int", возможна потеря данных
     1>d:\my programs\myopenkeys\myopenkeys\myopenkeys.cpp(59): warning C4715: findSimilarElement: значение возвращается не при всех путях выполнения
       ManifestResourceCompile:
         Для всех выходных данных обновления не требуется.
       Link:
         c:\Program Files (x86)\Microsoft Visual Studio 10.0\VC\bin\link.exe /ERRORREPORT:PROMPT /OUT:"D:\My Programs\MyOpenKeys\Debug\MyOpenKeys.exe" /INCREMENTAL /NOLOGO kernel32.lib user32.lib gdi32.lib winspool.lib comdlg32.lib advapi32.lib shell32.lib ole32.lib oleaut32.lib uuid.lib odbc32.lib odbccp32.lib /MANIFEST /ManifestFile:"Debug\MyOpenKeys.exe.intermediate.manifest" /MANIFESTUAC:"level='asInvoker' uiAccess='false'" /DEBUG /PDB:"D:\My Programs\MyOpenKeys\Debug\MyOpenKeys.pdb" /SUBSYSTEM:CONSOLE /TLBID:1 /DYNAMICBASE /NXCOMPAT /IMPLIB:"D:\My Programs\MyOpenKeys\Debug\MyOpenKeys.lib" /MACHINE:X86 Debug\MyOpenKeys.exe.embed.manifest.res
         Debug\MyOpenKeys.obj
         Debug\stdafx.obj
       Manifest:
         C:\Program Files (x86)\Microsoft SDKs\Windows\v7.0A\bin\mt.exe /nologo /verbose /out:"Debug\MyOpenKeys.exe.embed.manifest" /manifest Debug\MyOpenKeys.exe.intermediate.manifest
         Для всех выходных данных обновления не требуется.
       LinkEmbedManifest:
         Для всех выходных данных обновления не требуется.
         MyOpenKeys.vcxproj -> D:\My Programs\MyOpenKeys\Debug\MyOpenKeys.exe
       FinalizeBuildStatus:
         Файл "Debug\MyOpenKeys.unsuccessfulbuild" удаляется.
         Обращение к "Debug\MyOpenKeys.lastbuildstate".
     1>Построение проекта "D:\My Programs\MyOpenKeys\MyOpenKeys\MyOpenKeys.vcxproj" завершено (целевые объекты build).

Построение успешно завершено.

Затраченное время: 00:00:02.37
